

============================== 2023-03-02 16:23:43.894250 | c92ef5ff-dd5e-4c3a-8fc7-14d59c2ae24f ==============================
[0m16:23:43.894250 [info ] [MainThread]: Running with dbt=1.4.4
[0m16:23:43.900524 [debug] [MainThread]: running dbt with arguments {'write_json': True, 'use_colors': True, 'printer_width': 80, 'version_check': True, 'partial_parse': True, 'static_parser': True, 'profiles_dir': '/home/babin/.dbt', 'send_anonymous_usage_stats': True, 'quiet': False, 'no_print': False, 'cache_selected_only': False, 'project_name': 'test_ops_ia_transform', 'skip_profile_setup': False, 'which': 'init', 'indirect_selection': 'eager'}
[0m16:23:43.901947 [debug] [MainThread]: Tracking: tracking
[0m16:23:43.907305 [debug] [MainThread]: Sending event: {'category': 'dbt', 'action': 'invocation', 'label': 'start', 'context': [<snowplow_tracker.self_describing_json.SelfDescribingJson object at 0x7f628373f9d0>, <snowplow_tracker.self_describing_json.SelfDescribingJson object at 0x7f628373d420>, <snowplow_tracker.self_describing_json.SelfDescribingJson object at 0x7f628373f970>]}
[0m16:23:43.912305 [debug] [MainThread]: Starter project path: /home/babin/virtualenv/fuse_ia/lib/python3.10/site-packages/dbt/include/starter_project
[0m16:23:48.224880 [info ] [MainThread]: 
Your new dbt project "test_ops_ia_transform" was created!

For more information on how to configure the profiles.yml file,
please consult the dbt documentation here:

  https://docs.getdbt.com/docs/configure-your-profile

One more thing:

Need help? Don't hesitate to reach out to us via GitHub issues or on Slack:

  https://community.getdbt.com/

Happy modeling!

[0m16:23:48.225605 [debug] [MainThread]: Sending event: {'category': 'dbt', 'action': 'invocation', 'label': 'end', 'context': [<snowplow_tracker.self_describing_json.SelfDescribingJson object at 0x7f6282d4c580>, <snowplow_tracker.self_describing_json.SelfDescribingJson object at 0x7f628373f970>, <snowplow_tracker.self_describing_json.SelfDescribingJson object at 0x7f628373f430>]}
[0m16:23:48.226001 [debug] [MainThread]: Flushing usage events


============================== 2023-03-02 16:33:55.910486 | e59ed3de-ad17-4ea9-aa4c-2264956a8402 ==============================
[0m16:33:55.910486 [info ] [MainThread]: Running with dbt=1.4.4
[0m16:33:55.915261 [debug] [MainThread]: running dbt with arguments {'write_json': True, 'use_colors': True, 'printer_width': 80, 'version_check': True, 'partial_parse': True, 'static_parser': True, 'profiles_dir': '/home/babin/.dbt', 'send_anonymous_usage_stats': True, 'quiet': False, 'no_print': False, 'cache_selected_only': False, 'config_dir': False, 'which': 'debug', 'indirect_selection': 'eager'}
[0m16:33:55.916381 [debug] [MainThread]: Tracking: tracking
[0m16:33:55.919305 [debug] [MainThread]: Sending event: {'category': 'dbt', 'action': 'invocation', 'label': 'start', 'context': [<snowplow_tracker.self_describing_json.SelfDescribingJson object at 0x7f9910db32e0>, <snowplow_tracker.self_describing_json.SelfDescribingJson object at 0x7f9910db3070>, <snowplow_tracker.self_describing_json.SelfDescribingJson object at 0x7f9910db34c0>]}
[0m16:34:04.978729 [debug] [MainThread]: Executing "git --help"
[0m16:34:05.166273 [debug] [MainThread]: STDOUT: "b"usage: git [--version] [--help] [-C <path>] [-c <name>=<value>]\n           [--exec-path[=<path>]] [--html-path] [--man-path] [--info-path]\n           [-p | --paginate | -P | --no-pager] [--no-replace-objects] [--bare]\n           [--git-dir=<path>] [--work-tree=<path>] [--namespace=<name>]\n           [--super-prefix=<path>] [--config-env=<name>=<envvar>]\n           <command> [<args>]\n\nThese are common Git commands used in various situations:\n\nstart a working area (see also: git help tutorial)\n   clone     Clone a repository into a new directory\n   init      Create an empty Git repository or reinitialize an existing one\n\nwork on the current change (see also: git help everyday)\n   add       Add file contents to the index\n   mv        Move or rename a file, a directory, or a symlink\n   restore   Restore working tree files\n   rm        Remove files from the working tree and from the index\n\nexamine the history and state (see also: git help revisions)\n   bisect    Use binary search to find the commit that introduced a bug\n   diff      Show changes between commits, commit and working tree, etc\n   grep      Print lines matching a pattern\n   log       Show commit logs\n   show      Show various types of objects\n   status    Show the working tree status\n\ngrow, mark and tweak your common history\n   branch    List, create, or delete branches\n   commit    Record changes to the repository\n   merge     Join two or more development histories together\n   rebase    Reapply commits on top of another base tip\n   reset     Reset current HEAD to the specified state\n   switch    Switch branches\n   tag       Create, list, delete or verify a tag object signed with GPG\n\ncollaborate (see also: git help workflows)\n   fetch     Download objects and refs from another repository\n   pull      Fetch from and integrate with another repository or a local branch\n   push      Update remote refs along with associated objects\n\n'git help -a' and 'git help -g' list available subcommands and some\nconcept guides. See 'git help <command>' or 'git help <concept>'\nto read about a specific subcommand or concept.\nSee 'git help git' for an overview of the system.\n""
[0m16:34:05.168923 [debug] [MainThread]: STDERR: "b''"
[0m16:34:05.171489 [debug] [MainThread]: Sending event: {'category': 'dbt', 'action': 'invocation', 'label': 'end', 'context': [<snowplow_tracker.self_describing_json.SelfDescribingJson object at 0x7f98e87376d0>, <snowplow_tracker.self_describing_json.SelfDescribingJson object at 0x7f9910db30d0>, <snowplow_tracker.self_describing_json.SelfDescribingJson object at 0x7f98e87a53f0>]}
[0m16:34:05.173245 [debug] [MainThread]: Flushing usage events


============================== 2023-03-02 16:34:59.345580 | f25f93ff-09c0-4061-afc1-375503d7b11d ==============================
[0m16:34:59.345580 [info ] [MainThread]: Running with dbt=1.4.4
[0m16:34:59.347163 [debug] [MainThread]: running dbt with arguments {'write_json': True, 'use_colors': True, 'printer_width': 80, 'version_check': True, 'partial_parse': True, 'static_parser': True, 'profiles_dir': '/home/babin/.dbt', 'send_anonymous_usage_stats': True, 'quiet': False, 'no_print': False, 'cache_selected_only': False, 'config_dir': False, 'which': 'debug', 'indirect_selection': 'eager'}
[0m16:34:59.347431 [debug] [MainThread]: Tracking: tracking
[0m16:34:59.348725 [debug] [MainThread]: Sending event: {'category': 'dbt', 'action': 'invocation', 'label': 'start', 'context': [<snowplow_tracker.self_describing_json.SelfDescribingJson object at 0x7f8ce175fa60>, <snowplow_tracker.self_describing_json.SelfDescribingJson object at 0x7f8ce175f100>, <snowplow_tracker.self_describing_json.SelfDescribingJson object at 0x7f8ce175fa00>]}
[0m16:35:00.085175 [debug] [MainThread]: Executing "git --help"
[0m16:35:00.087397 [debug] [MainThread]: STDOUT: "b"usage: git [--version] [--help] [-C <path>] [-c <name>=<value>]\n           [--exec-path[=<path>]] [--html-path] [--man-path] [--info-path]\n           [-p | --paginate | -P | --no-pager] [--no-replace-objects] [--bare]\n           [--git-dir=<path>] [--work-tree=<path>] [--namespace=<name>]\n           [--super-prefix=<path>] [--config-env=<name>=<envvar>]\n           <command> [<args>]\n\nThese are common Git commands used in various situations:\n\nstart a working area (see also: git help tutorial)\n   clone     Clone a repository into a new directory\n   init      Create an empty Git repository or reinitialize an existing one\n\nwork on the current change (see also: git help everyday)\n   add       Add file contents to the index\n   mv        Move or rename a file, a directory, or a symlink\n   restore   Restore working tree files\n   rm        Remove files from the working tree and from the index\n\nexamine the history and state (see also: git help revisions)\n   bisect    Use binary search to find the commit that introduced a bug\n   diff      Show changes between commits, commit and working tree, etc\n   grep      Print lines matching a pattern\n   log       Show commit logs\n   show      Show various types of objects\n   status    Show the working tree status\n\ngrow, mark and tweak your common history\n   branch    List, create, or delete branches\n   commit    Record changes to the repository\n   merge     Join two or more development histories together\n   rebase    Reapply commits on top of another base tip\n   reset     Reset current HEAD to the specified state\n   switch    Switch branches\n   tag       Create, list, delete or verify a tag object signed with GPG\n\ncollaborate (see also: git help workflows)\n   fetch     Download objects and refs from another repository\n   pull      Fetch from and integrate with another repository or a local branch\n   push      Update remote refs along with associated objects\n\n'git help -a' and 'git help -g' list available subcommands and some\nconcept guides. See 'git help <command>' or 'git help <concept>'\nto read about a specific subcommand or concept.\nSee 'git help git' for an overview of the system.\n""
[0m16:35:00.087990 [debug] [MainThread]: STDERR: "b''"
[0m16:35:00.088634 [debug] [MainThread]: Sending event: {'category': 'dbt', 'action': 'invocation', 'label': 'end', 'context': [<snowplow_tracker.self_describing_json.SelfDescribingJson object at 0x7f8cb914c670>, <snowplow_tracker.self_describing_json.SelfDescribingJson object at 0x7f8cb913d8d0>, <snowplow_tracker.self_describing_json.SelfDescribingJson object at 0x7f8cb91ac880>]}
[0m16:35:00.089282 [debug] [MainThread]: Flushing usage events


============================== 2023-03-02 16:35:25.639616 | e059097a-340c-489f-9273-7305a7d3c184 ==============================
[0m16:35:25.639616 [info ] [MainThread]: Running with dbt=1.4.4
[0m16:35:25.641146 [debug] [MainThread]: running dbt with arguments {'write_json': True, 'use_colors': True, 'printer_width': 80, 'version_check': True, 'partial_parse': True, 'static_parser': True, 'profiles_dir': '/home/babin/.dbt', 'send_anonymous_usage_stats': True, 'quiet': False, 'no_print': False, 'cache_selected_only': False, 'config_dir': False, 'which': 'debug', 'indirect_selection': 'eager'}
[0m16:35:25.641413 [debug] [MainThread]: Tracking: tracking
[0m16:35:25.642714 [debug] [MainThread]: Sending event: {'category': 'dbt', 'action': 'invocation', 'label': 'start', 'context': [<snowplow_tracker.self_describing_json.SelfDescribingJson object at 0x7fc78dc5f9a0>, <snowplow_tracker.self_describing_json.SelfDescribingJson object at 0x7fc78dc5f040>, <snowplow_tracker.self_describing_json.SelfDescribingJson object at 0x7fc78dc5f940>]}
[0m16:35:26.149565 [debug] [MainThread]: Executing "git --help"
[0m16:35:26.151294 [debug] [MainThread]: STDOUT: "b"usage: git [--version] [--help] [-C <path>] [-c <name>=<value>]\n           [--exec-path[=<path>]] [--html-path] [--man-path] [--info-path]\n           [-p | --paginate | -P | --no-pager] [--no-replace-objects] [--bare]\n           [--git-dir=<path>] [--work-tree=<path>] [--namespace=<name>]\n           [--super-prefix=<path>] [--config-env=<name>=<envvar>]\n           <command> [<args>]\n\nThese are common Git commands used in various situations:\n\nstart a working area (see also: git help tutorial)\n   clone     Clone a repository into a new directory\n   init      Create an empty Git repository or reinitialize an existing one\n\nwork on the current change (see also: git help everyday)\n   add       Add file contents to the index\n   mv        Move or rename a file, a directory, or a symlink\n   restore   Restore working tree files\n   rm        Remove files from the working tree and from the index\n\nexamine the history and state (see also: git help revisions)\n   bisect    Use binary search to find the commit that introduced a bug\n   diff      Show changes between commits, commit and working tree, etc\n   grep      Print lines matching a pattern\n   log       Show commit logs\n   show      Show various types of objects\n   status    Show the working tree status\n\ngrow, mark and tweak your common history\n   branch    List, create, or delete branches\n   commit    Record changes to the repository\n   merge     Join two or more development histories together\n   rebase    Reapply commits on top of another base tip\n   reset     Reset current HEAD to the specified state\n   switch    Switch branches\n   tag       Create, list, delete or verify a tag object signed with GPG\n\ncollaborate (see also: git help workflows)\n   fetch     Download objects and refs from another repository\n   pull      Fetch from and integrate with another repository or a local branch\n   push      Update remote refs along with associated objects\n\n'git help -a' and 'git help -g' list available subcommands and some\nconcept guides. See 'git help <command>' or 'git help <concept>'\nto read about a specific subcommand or concept.\nSee 'git help git' for an overview of the system.\n""
[0m16:35:26.151607 [debug] [MainThread]: STDERR: "b''"
[0m16:35:26.151933 [debug] [MainThread]: Sending event: {'category': 'dbt', 'action': 'invocation', 'label': 'end', 'context': [<snowplow_tracker.self_describing_json.SelfDescribingJson object at 0x7fc765336ec0>, <snowplow_tracker.self_describing_json.SelfDescribingJson object at 0x7fc78dc5ef20>, <snowplow_tracker.self_describing_json.SelfDescribingJson object at 0x7fc7653a5150>]}
[0m16:35:26.152253 [debug] [MainThread]: Flushing usage events
